C51 COMPILER V9.00   DISFESTIVAL                                                           05/31/2013 22:02:18 PAGE 1   


C51 COMPILER V9.00, COMPILATION OF MODULE DISFESTIVAL
OBJECT MODULE PLACED IN .\output\disfestival.obj
COMPILER INVOKED BY: C:\Keil\C51\BIN\C51.EXE src\disfestival.c BROWSE DEBUG OBJECTEXTEND PRINT(.\output\disfestival.lst)
                    - OBJECT(.\output\disfestival.obj)

line level    source

   1          /*********************************************************** 
   2          文件名称： 显示节日函数
   3          作 者：    梁权威
   4          版 本：    0.01
   5          说 明：    
   6          时间 ：    2012年12月18日20:33:02
   7          修改记录：
   8          总结 ：         
   9          ***********************************************************/
  10          #include"disfestival.h"
  11          #include"ds1302.h"
  12          #include"LCD12864.h"
  13          
  14          /*********************************************************** 
  15          函数名称：       void Dis_Festival()
  16          函数功能：       显示公历一些节日                  
  17          入口参数：        
  18          出口参数：        
  19          备 注：          
  20          ***********************************************************/
  21          void Dis_Festival()
  22          {               
  23   1              //要把十进制转换成16进制
  24   1              //一月份
  25   1              if( DataTime[ 4 ] == 0x01 && DataTime[ 3 ] == 0x01 )//1.1号
  26   1                      LCD_PutString( 0, 4, "★★新年快乐★");
  27   1      
  28   1              else if( DataTime[ 4 ] == 0x01 && DataTime[ 3 ] == 0x40 )//1.28号，
  29   1                      LCD_PutString( 0, 4, "★★世界麻风日★");
  30   1      
  31   1              else if( DataTime[ 4 ] == 0x02 && DataTime[ 3 ] == 0x02 )//2.2号
  32   1                      LCD_PutString( 0, 4, "★★世界湿地日★"); 
  33   1      
  34   1              //二月份
  35   1              else if( DataTime[ 4 ] == 0x02 && DataTime[ 3 ] == 0x0d )//2.13号
  36   1                      LCD_PutString( 0, 4, "★★明天情人节★");
  37   1      
  38   1              else if( DataTime[ 4 ] == 0x02 && DataTime[ 3 ] == 0x0e )//2.14号
  39   1                      LCD_PutString( 0, 4, "★★情人节快乐★");
  40   1              
  41   1              else if( DataTime[ 4 ] == 0x02 && DataTime[ 3 ] == 0x18 )//2.24号
  42   1                      LCD_PutString( 0, 4, "★★世界青年日★");
  43   1      
  44   1              //三月份
  45   1              else if( DataTime[ 4 ] == 0x03 && DataTime[ 3 ] == 0x01 )//3.1号
  46   1                      LCD_PutString( 0, 4, "★★国际海豹节★");
  47   1                      
  48   1              else if( DataTime[ 4 ] == 0x03 && DataTime[ 3 ] == 0x05 )//3.5号
  49   1                      LCD_PutString( 0, 4, "★学雷锋纪念日★");       
  50   1      
  51   1              else if( DataTime[ 4 ] == 0x03 && DataTime[ 3 ] == 0x08 )//3.8号
  52   1                      LCD_PutString( 0, 4, "★★三八妇女节★");
  53   1      
  54   1              else if( DataTime[ 4 ] == 0x03 && DataTime[ 3 ] == 0x0c )//3.12号
C51 COMPILER V9.00   DISFESTIVAL                                                           05/31/2013 22:02:18 PAGE 2   

  55   1                      LCD_PutString( 0, 4, "★★中国植树节★");
  56   1      
  57   1              else if( DataTime[ 4 ] == 0x03 && DataTime[ 3 ] == 0x0e )//3.14号
  58   1                      LCD_PutString( 0, 4, "★★国际警察日★");
  59   1      
  60   1              else if( DataTime[ 4 ] == 0x03 && DataTime[ 3 ] == 0x0f )//3.15号
  61   1                      LCD_PutString( 0, 4, "★消费者权益日★");
  62   1      
  63   1              else if( DataTime[ 4 ] == 0x03 && DataTime[ 3 ] == 0x16 )//3.22号
  64   1                      LCD_PutString( 0, 4, "★★世界水日★★");
  65   1      
  66   1              else if( DataTime[ 4 ] == 0x03 && DataTime[ 3 ] == 0x17 )//3.23号
  67   1                      LCD_PutString( 0, 4, "★★世界气象日★");
  68   1      
  69   1              //四月份
  70   1      
  71   1              else if( DataTime[ 4 ] == 0x04 && DataTime[ 3 ] == 0x01 )//4.1号
  72   1                      LCD_PutString( 0, 4, "★愚★人★节★★");
  73   1      
  74   1              else if( DataTime[ 4 ] == 0x04 && DataTime[ 3 ] == 0x07 )//4.7号
  75   1                      LCD_PutString( 0, 4, "★学世界无烟日★");
  76   1      
  77   1              else if( DataTime[ 4 ] == 0x04 && DataTime[ 3 ] == 0x16 )//4.22号
  78   1                      LCD_PutString( 0, 4, "★★世界地球日★");
  79   1      
  80   1              //五月份
  81   1              else if( DataTime[ 4 ] == 0x05 && DataTime[ 3 ] == 0x01 )//5.1号
  82   1                      LCD_PutString( 1, 4, "★国际劳动节★");
  83   1      
  84   1              else if( DataTime[ 4 ] == 0x05 && DataTime[ 3 ] == 0x04 )//5.4号
  85   1                      LCD_PutString( 1, 4, "★中国青年节★");
  86   1      
  87   1              else if( DataTime[ 4 ] == 0x05 && DataTime[ 3 ] == 0x08 )//5.8号
  88   1                      LCD_PutString( 0, 4, "★世界红十字日★");
  89   1      
  90   1              else if( DataTime[ 4 ] == 0x05 && DataTime[ 3 ] == 0x0c )//5.12号
  91   1                      LCD_PutString( 1, 4, "★★国际护士节★");
  92   1      
  93   1              else if( DataTime[ 4 ] == 0x05 && DataTime[ 3 ] == 0x1f )//5.31号
  94   1                      LCD_PutString( 0, 4, "★世界无烟草节★");
  95   1              //六月份
  96   1      
  97   1              else if( DataTime[ 4 ] == 0x06 && DataTime[ 3 ] == 0x01 )//6.1号
  98   1                      LCD_PutString( 1, 4, "★★国际儿童节★");
  99   1      
 100   1              else if( DataTime[ 4 ] == 0x06 && DataTime[ 3 ] == 0x04 )//6.4号
 101   1                      LCD_PutString( 1, 4, "★国★际★日★★");
 102   1      
 103   1              else if( DataTime[ 4 ] == 0x06 && DataTime[ 3 ] == 0x05 )//6.5号
 104   1                      LCD_PutString( 1, 4, "★★国际环境日★");
 105   1      
 106   1              else if( DataTime[ 4 ] == 0x06 && DataTime[ 3 ] == 0x17 )//6.23号
 107   1                      LCD_PutString( 0, 4, "★国际奥林匹克日");
 108   1      
 109   1              else if( DataTime[ 4 ] == 0x06 && DataTime[ 3 ] == 0x1b )//6.27号
 110   1                      LCD_PutString( 1, 4, "★★国际禁毒日★");
 111   1      
 112   1              //七月份
 113   1      
 114   1              else if( DataTime[ 4 ] == 0x07 && DataTime[ 3 ] == 0x01 )//7.1号
 115   1                      LCD_PutString( 1, 4, "★共产党纪念日★");
 116   1      
C51 COMPILER V9.00   DISFESTIVAL                                                           05/31/2013 22:02:18 PAGE 3   

 117   1              else if( DataTime[ 4 ] == 0x07 && DataTime[ 3 ] == 0x03 )//7.3号
 118   1                      LCD_PutString( 1, 4, "★★国际合作节★");
 119   1      
 120   1              //八月份
 121   1      
 122   1              else if( DataTime[ 4 ] == 0x08 && DataTime[ 3 ] == 0x01 )//8.1号
 123   1                      LCD_PutString( 0, 4, "★建★军★节★★");
 124   1      
 125   1              //九月份
 126   1      
 127   1              else if( DataTime[ 4 ] == 0x09 && DataTime[ 3 ] == 0x08 )//9.8号
 128   1                      LCD_PutString( 1, 4, "★新闻工作者日★");
 129   1      
 130   1              else if( DataTime[ 4 ] == 0x09 && DataTime[ 3 ] == 0x0a )//9.10号
 131   1                      LCD_PutString( 1, 4, "★教★师★节★★");
 132   1      
 133   1              else if( DataTime[ 4 ] == 0x09 && DataTime[ 3 ] == 0x14 )//9.20号
 134   1                      LCD_PutString( 0, 4, "★★中国爱牙日★");
 135   1      
 136   1              //十月份
 137   1              else if( DataTime[ 4 ] == 0x0a && DataTime[ 3 ] == 0x01 )//10.1号
 138   1                      LCD_PutString( 0, 4, "★国★庆★节★★");
 139   1      
 140   1              else if( DataTime[ 4 ] == 0x0a && DataTime[ 3 ] == 0x02 )//10.2号
 141   1                      LCD_PutString( 0, 4, "★国际和平斗争日");
 142   1      
 143   1              else if( DataTime[ 4 ] == 0x0a && DataTime[ 3 ] == 0x09 )//10.9号
 144   1                      LCD_PutString( 0, 4, "★★世界邮政日★");
 145   1      
 146   1              else if( DataTime[ 4 ] == 0x0a && DataTime[ 3 ] == 0x14 )//10.14号
 147   1                      LCD_PutString( 0, 4, "★★世界标准日★");
 148   1      
 149   1              else if( DataTime[ 4 ] == 0x0a && DataTime[ 3 ] == 0x0f )//10.15号
 150   1                      LCD_PutString( 0, 4, "★★国际盲人节★");
 151   1      
 152   1              else if( DataTime[ 4 ] == 0x0a && DataTime[ 3 ] == 0x10 )//10.16号
 153   1                      LCD_PutString( 0, 4, "★★世界粮食日★");
 154   1      
 155   1              else if( DataTime[ 4 ] == 0x0a && DataTime[ 3 ] == 0x18)//10.24号
 156   1                      LCD_PutString( 0, 4, "★★联合国日★★");
 157   1      
 158   1              else if( DataTime[ 4 ] == 0x0a && DataTime[ 3 ] == 0x1f )//10.31号
 159   1                      LCD_PutString( 0, 4, "★世界勤俭日★★");
 160   1      
 161   1              //11月份
 162   1      
 163   1              else if( DataTime[ 4 ] == 0x0b && DataTime[ 3 ] == 0x01 )//11.1号
 164   1                      LCD_PutString( 0, 4, "★万★圣★节★★");
 165   1      
 166   1              else if( DataTime[ 4 ] == 0x0b && DataTime[ 3 ] == 0x11 )//11.17号
 167   1                      LCD_PutString( 0, 4, "★★国际学生日★");
 168   1      
 169   1              //十二月分
 170   1      
 171   1              else if( DataTime[ 4 ] == 0x0c && DataTime[ 3 ] == 0x01 )//12.1号
 172   1                      LCD_PutString( 0, 4, "★世界艾滋病日★");
 173   1      
 174   1              else if( DataTime[ 4 ] == 0x0c && DataTime[ 3 ] == 0x0a )//12.10号
 175   1                      LCD_PutString( 0, 4, "★世界人权日★★");
 176   1      
 177   1              else if( DataTime[ 4 ] == 0x0c && DataTime[ 3 ] == 0x18 )//12.24号
 178   1                      LCD_PutString( 0, 4, "★今晚★平安夜★");
C51 COMPILER V9.00   DISFESTIVAL                                                           05/31/2013 22:02:18 PAGE 4   

 179   1      
 180   1              else if( DataTime[ 4 ] == 0x0c && DataTime[ 3 ] == 0x19 )//12.10号
 181   1                      LCD_PutString( 0, 4, "★圣诞★节快乐★!");
 182   1      
 183   1              else if( DataTime[ 4 ] == 0x0c && DataTime[ 3 ] == 0x01 )//12.1号
 184   1                      LCD_PutString( 0, 4, "★世界艾滋病日★");
 185   1      
 186   1              else if( DataTime[ 4 ] == 0x0c && DataTime[ 3 ] == 0x1f )//12.31号
 187   1                      LCD_PutString( 0, 4, "★明天★新年★★");
 188   1          else 
 189   1              {
 190   2                      if( DataTime[ 2 ] >= 0x04 && DataTime[ 2 ] < 0x06 )//凌晨 4：00~6：00
 191   2                      {
 192   3                              LCD_PutString( 0, 4, "★★__▲▲__凌晨");       
 193   3                      }
 194   2                      
 195   2                      if( DataTime[ 2 ] >= 0x06 && DataTime[ 2 ] < 0x08 )     //早晨 6：00~8：00
 196   2                      {
 197   3                              LCD_PutString( 0, 4, "☆○__▲△__早晨");       
 198   3                      }
 199   2      
 200   2                      if( DataTime[ 2 ] >= 0x08 && DataTime[ 2 ] < 0x0c )     //上午 8：00~12：00
 201   2                      {
 202   3                              LCD_PutString( 0, 4, "__●__▲▲__上午");       
 203   3                      }
 204   2      
 205   2                      if( DataTime[ 2 ] == 0x0c )                       ////中午 12：00
 206   2                      {
 207   3                              LCD_PutString( 0, 4, "____▲●▲__中午");       
 208   3                      }
 209   2      
 210   2                      if( DataTime[ 2 ] >= 0x0d && DataTime[ 2 ] < 0x12 )//下午 13：00~18：00
 211   2                      {
 212   3                              LCD_PutString( 0, 4, "__▲▲__●__下午");       
 213   3                      }
 214   2                      
 215   2                      if( DataTime[ 2 ] >= 0x12 && DataTime[ 2 ] < 0x16 )//凌晨 18：00~22：00
 216   2                      {
 217   3                              LCD_PutString( 0, 4, "△▲__●☆__晚上");       
 218   3                      }
 219   2      
 220   2                      if( DataTime[ 2 ] >= 0x16 && DataTime[ 2 ] < 0x17 )//凌晨 22：00~23：00
 221   2                      {
 222   3                              LCD_PutString( 0, 4, "△▲__★☆__夜里");       
 223   3                      }
 224   2      
 225   2                      if( DataTime[ 2 ] >= 0x00 && DataTime[ 2 ] < 0x04 )////深夜 00：00~4：00 
 226   2                      {
 227   3                              LCD_PutString( 0, 4, "△▲__★☆__夜里");       
 228   3                      }
 229   2              }
 230   1      
 231   1      
 232   1      
 233   1      
 234   1      
 235   1      
 236   1      
 237   1              
 238   1      
 239   1      
 240   1      
C51 COMPILER V9.00   DISFESTIVAL                                                           05/31/2013 22:02:18 PAGE 5   

 241   1      }


MODULE INFORMATION:   STATIC OVERLAYABLE
   CODE SIZE        =   1198    ----
   CONSTANT SIZE    =    929    ----
   XDATA SIZE       =   ----    ----
   PDATA SIZE       =   ----    ----
   DATA SIZE        =   ----    ----
   IDATA SIZE       =   ----    ----
   BIT SIZE         =   ----    ----
END OF MODULE INFORMATION.


C51 COMPILATION COMPLETE.  0 WARNING(S),  0 ERROR(S)
