C51 COMPILER V9.00   KEYSCAN                                                               05/31/2013 22:02:18 PAGE 1   


C51 COMPILER V9.00, COMPILATION OF MODULE KEYSCAN
OBJECT MODULE PLACED IN .\output\keyscan.obj
COMPILER INVOKED BY: C:\Keil\C51\BIN\C51.EXE src\keyscan.c BROWSE DEBUG OBJECTEXTEND PRINT(.\output\keyscan.lst) OBJECT(
                    -.\output\keyscan.obj)

line level    source

   1          /*********************************************************** 
   2          文件名称： 键盘扫描函数
   3          作 者：    梁权威
   4          版 本：    0.01
   5          说 明：    
   6          时间 ：    2012年12月15日20:41:16
   7          修改记录： 1：2012年12月20日22:34:54加入按键5
   8          总结 ：         
   9          ***********************************************************/
  10          #include"keyscan.h"
  11          
  12          /*********************************************************** 
  13          函数名称：       u8 KeyScan()
  14          函数功能：       按键扫描          
  15          入口参数：       无 
  16          出口参数：       key
  17          备 注： 
  18          ***********************************************************/
  19          u8 KeyScan()
  20          {
  21   1              u8 key;
  22   1              if( P1 == 0xff )  
  23   1                      return 0;
  24   1              switch( P1 )
  25   1              {
  26   2                      case 0xef: key = 1; break;
  27   2                      case 0xdf: key = 2; break;
  28   2                      case 0xbf: key = 3; break;
  29   2                      case 0x7f: key = 4; break;
  30   2                      case 0xf7: key = 5; break;
  31   2                      default: key = 0xff;
  32   2              }
  33   1              while( P1 != 0xff ); //等待按键释放
  34   1              return key;     
  35   1      }
  36          


MODULE INFORMATION:   STATIC OVERLAYABLE
   CODE SIZE        =     67    ----
   CONSTANT SIZE    =   ----    ----
   XDATA SIZE       =   ----    ----
   PDATA SIZE       =   ----    ----
   DATA SIZE        =   ----       1
   IDATA SIZE       =   ----    ----
   BIT SIZE         =   ----    ----
END OF MODULE INFORMATION.


C51 COMPILATION COMPLETE.  0 WARNING(S),  0 ERROR(S)
